=====================================================================================================================
[2023-05-13 17:47:56.973][20692][ERROR] Redis接続に失敗しました。:対象のコンピューターによって拒否されたため、接続できませんでした。
=====================================================================================================================
[2023-05-13 17:54:25.395][20692][ERROR] Redis接続に失敗しました。:対象のコンピューターによって拒否されたため、接続できませんでした。
=====================================================================================================================
[2023-05-13 17:55:34.337][20692][ERROR] Redis接続に失敗しました。:対象のコンピューターによって拒否されたため、接続できませんでした。
=====================================================================================================================
[2023-05-18 12:14:39.313][18444][INFO] ポケモン情報のキャッシュを開始します。
=====================================================================================================================
[2023-05-18 12:14:39.343][18444][INFO] ポケモン情報のキャッシュを終了しました。

開始：1、終了：12
=====================================================================================================================
[2023-05-18 12:15:05.555][18444][INFO] ポケモン情報のキャッシュを開始します。
=====================================================================================================================
[2023-05-18 12:15:05.575][18444][INFO] ポケモン情報のキャッシュを終了しました。
開始：1、終了：12
=====================================================================================================================
[2023-05-18 12:15:53.488][18444][INFO] ポケモン情報のキャッシュを開始します。
=====================================================================================================================
[2023-05-18 12:15:53.505][18444][INFO] ポケモン情報のキャッシュを終了しました。
開始：No.1、終了：No.12
=====================================================================================================================
[2023-05-18 12:20:46.446][18444][INFO] ポケモン情報のキャッシュを開始します。
=====================================================================================================================
[2023-05-18 12:20:46.474][18444][INFO] ポケモン情報のキャッシュを終了しました。
開始：No.1、終了：No.12
=====================================================================================================================
[2023-05-19 09:38:01.340][18444][INFO] ポケモン情報のキャッシュを開始します。
=====================================================================================================================
[2023-05-19 09:38:01.443][18444][INFO] ポケモン情報のキャッシュを終了しました。
開始：No.1、終了：No.12
=====================================================================================================================
[2023-05-19 09:50:12.384][18444][INFO] ポケモン情報のキャッシュを開始します。
=====================================================================================================================
[2023-05-19 09:50:12.399][18444][INFO] ポケモン情報のキャッシュを終了しました。
開始：No.1、終了：No.12
=====================================================================================================================
[2023-05-21 10:46:24.037][18444][INFO] ポケモン情報のキャッシュを開始します。
=====================================================================================================================
[2023-05-21 10:46:24.082][18444][INFO] ポケモン情報のキャッシュを終了しました。
開始：No.1、終了：No.12
=====================================================================================================================
[2023-05-21 10:56:03.032][18444][INFO] ポケモン情報のキャッシュを開始します。
=====================================================================================================================
[2023-05-21 10:56:09.815][18444][INFO] ポケモン情報のキャッシュを終了しました。
開始：No.1、終了：No.12
=====================================================================================================================
[2023-05-21 11:08:35.142][18444][INFO] ポケモン情報のキャッシュを開始します。
=====================================================================================================================
[2023-05-21 11:08:35.158][18444][INFO] ポケモン情報のキャッシュを終了しました。
開始：No.1、終了：No.12
=====================================================================================================================
[2023-05-21 11:08:48.467][18444][INFO] ポケモン情報のキャッシュを開始します。
=====================================================================================================================
[2023-05-21 11:12:41.385][18444][INFO] ポケモン情報のキャッシュを開始します。
=====================================================================================================================
[2023-05-21 11:14:22.559][18444][INFO] ポケモン情報のキャッシュを終了しました。
開始：No.10000、終了：No.10100
=====================================================================================================================
[2023-05-21 11:18:07.594][18444][INFO] ポケモン情報のキャッシュを開始します。
=====================================================================================================================
[2023-05-21 11:20:11.696][18444][INFO] ポケモン情報のキャッシュを開始します。
=====================================================================================================================
[2023-05-21 11:21:45.933][18444][INFO] ポケモン情報のキャッシュを終了しました。
開始：No.10000、終了：No.10200
=====================================================================================================================
[2023-05-21 11:24:14.613][18444][INFO] ポケモン情報のキャッシュを開始します。
=====================================================================================================================
[2023-05-21 11:26:17.713][18444][INFO] ポケモン情報のキャッシュを開始します。
=====================================================================================================================
[2023-05-21 11:28:33.794][18444][INFO] ポケモン情報のキャッシュを開始します。
=====================================================================================================================
[2023-05-21 11:28:54.506][18444][INFO] ポケモン情報のキャッシュを終了しました。
開始：No.10000、終了：No.10300
=====================================================================================================================
[2023-05-21 11:31:16.213][18444][INFO] ポケモン情報のキャッシュを開始します。
=====================================================================================================================
[2023-05-21 11:32:25.074][18444][INFO] ポケモン情報のキャッシュを開始します。
=====================================================================================================================
[2023-05-21 11:32:53.661][18444][INFO] ポケモン情報のキャッシュを開始します。
=====================================================================================================================
[2023-05-21 11:32:57.627][18444][INFO] ポケモン情報のキャッシュを終了しました。
開始：No.9990、終了：No.10000
=====================================================================================================================
[2023-05-21 11:32:57.636][18444][INFO] ポケモン情報のキャッシュを終了しました。
開始：No.9999、終了：No.10000
